<?xml version="1.0" encoding="UTF-8"?>
<!-- Generated by org.testng.reporters.JUnitXMLReporter -->
<testsuite ignored="0" hostname="a839700c8c1a" failures="0" tests="10" name="PetTests" time="10.508" errors="0" timestamp="2025-04-14T15:16:01 UTC">
  <testcase classname="com.n26.challenge.tests.PetDeleteTests" name="testDebug" time="0.004"/>
  <testcase classname="com.n26.challenge.tests.PetDeleteTests" name="testDeletePetWithValidId" time="1.768"/>
  <testcase classname="com.n26.challenge.tests.PetReadTests" name="testGetPetWithNonExistentId" time="0.504"/>
  <testcase classname="com.n26.challenge.tests.PetReadTests" name="testGetPetWithValidId" time="1.048"/>
  <testcase classname="com.n26.challenge.tests.PetCreateTests" name="testCreatePetWithInvalidStatus" time="0.502"/>
  <testcase classname="com.n26.challenge.tests.PetCreateTests" name="testCreatePetWithMissingName" time="0.511"/>
  <testcase classname="com.n26.challenge.tests.PetCreateTests" name="testCreatePetWithValidData" time="0.511"/>
  <testcase classname="com.n26.challenge.tests.PetUpdateTests" name="testUpdateNonExistentPet" time="0.512"/>
  <testcase classname="com.n26.challenge.tests.PetUpdateTests" name="testUpdatePetWithInvalidData" time="1.516"/>
  <testcase classname="com.n26.challenge.tests.PetUpdateTests" name="testUpdatePetWithValidData" time="1.561"/>
</testsuite> <!-- PetTests -->
