<?xml version="1.0" encoding="UTF-8"?>
<!-- Generated by org.testng.reporters.JUnitXMLReporter -->
<testsuite ignored="0" hostname="1b64fb9f0b16" failures="0" tests="10" name="PetTests" time="12.464" errors="0" timestamp="2025-04-14T15:08:01 UTC">
  <testcase classname="com.n26.challenge.tests.PetDeleteTests" name="testDebug" time="0.002"/>
  <testcase classname="com.n26.challenge.tests.PetDeleteTests" name="testDeletePetWithValidId" time="4.624"/>
  <testcase classname="com.n26.challenge.tests.PetReadTests" name="testGetPetWithNonExistentId" time="0.467"/>
  <testcase classname="com.n26.challenge.tests.PetReadTests" name="testGetPetWithValidId" time="0.968"/>
  <testcase classname="com.n26.challenge.tests.PetCreateTests" name="testCreatePetWithInvalidStatus" time="0.471"/>
  <testcase classname="com.n26.challenge.tests.PetCreateTests" name="testCreatePetWithMissingName" time="0.481"/>
  <testcase classname="com.n26.challenge.tests.PetCreateTests" name="testCreatePetWithValidData" time="0.474"/>
  <testcase classname="com.n26.challenge.tests.PetUpdateTests" name="testUpdateNonExistentPet" time="0.509"/>
  <testcase classname="com.n26.challenge.tests.PetUpdateTests" name="testUpdatePetWithInvalidData" time="1.468"/>
  <testcase classname="com.n26.challenge.tests.PetUpdateTests" name="testUpdatePetWithValidData" time="1.454"/>
</testsuite> <!-- PetTests -->
