<?xml version="1.0" encoding="UTF-8"?>
<testsuite xmlns:xsi="http://www.w3.org/2001/XMLSchema-instance" xsi:noNamespaceSchemaLocation="https://maven.apache.org/surefire/maven-surefire-plugin/xsd/surefire-test-report-3.0.xsd" version="3.0" name="TestSuite" time="13.075" tests="10" errors="0" skipped="0" failures="0">
  <properties>
[...]
</properties>
  <testcase name="testDebug" classname="com.n26.challenge.tests.PetDeleteTests" time="0.01">
    <system-out><![CDATA[Debug test in PetDeleteTests is running!
]]></system-out>
  </testcase>
  <testcase name="testDeletePetWithValidId" classname="com.n26.challenge.tests.PetDeleteTests" time="4.624">
    <system-out><![CDATA[testDeletePetWithValidId is running! Pet ID: 5896
Retry 1: GET response status code: 200
Retry 2: GET response status code: 200
Retry 3: GET response status code: 404
]]></system-out>
  </testcase>
  <testcase name="testGetPetWithNonExistentId" classname="com.n26.challenge.tests.PetReadTests" time="0.468"/>
  <testcase name="testGetPetWithValidId" classname="com.n26.challenge.tests.PetReadTests" time="0.968"/>
  <testcase name="testCreatePetWithInvalidStatus" classname="com.n26.challenge.tests.PetCreateTests" time="0.471"/>
  <testcase name="testCreatePetWithMissingName" classname="com.n26.challenge.tests.PetCreateTests" time="0.481"/>
  <testcase name="testCreatePetWithValidData" classname="com.n26.challenge.tests.PetCreateTests" time="0.475"/>
  <testcase name="testUpdateNonExistentPet" classname="com.n26.challenge.tests.PetUpdateTests" time="0.512"/>
  <testcase name="testUpdatePetWithInvalidData" classname="com.n26.challenge.tests.PetUpdateTests" time="1.471"/>
  <testcase name="testUpdatePetWithValidData" classname="com.n26.challenge.tests.PetUpdateTests" time="1.469"/>
</testsuite>