<?xml version="1.0" encoding="UTF-8"?>
<testsuite xmlns:xsi="http://www.w3.org/2001/XMLSchema-instance" xsi:noNamespaceSchemaLocation="https://maven.apache.org/surefire/maven-surefire-plugin/xsd/surefire-test-report-3.0.xsd" version="3.0" name="com.n26.challenge.tests.BalanceTest" time="323.497" tests="1" errors="0" skipped="0" failures="0">
  <properties>
[...]
</properties>
  <testcase name="testBalanceAfterMultipleTransactions" classname="com.n26.challenge.tests.BalanceTest" time="323.488">
    <system-out><![CDATA[Appium Capabilities: {appium:newCommandTimeout=0, appium:appActivity=com.monefy.activities.main.MainActivity_, appium:deviceName=Pixel_6_API_34, platformName=ANDROID, appium:automationName=UiAutomator2, appium:platformVersion=14.0, appium:appPackage=com.monefy.app.lite}
Appium Session ID: 7d71d467-132d-43ab-af5c-f7ba3d456074
]]></system-out>
  </testcase>
</testsuite>